1733870600018:shell:> list-users
1733870608950:list-users
1733870844457:add-user "Alice" "alice@example.com" "MEMBER"
1733870851654:list-users
1733870897378:list-books
1733870911123:issue-book
1733870939986:shell:> issue-book 1 1 "2024-11-28" "2024-12-05"
1733871000137:issue-book 1 1 "2024-11-28" "2024-12-05"
1733871543766:return-book 1 "2024-12-10"
1733872135500:erk10-1
1733872163054:t-o220mlnnl
1733872240934:rno"4-"vaite
1733872245639:ub  21 cslxi
1733872253630:iee
1733872292199:t
1733872328736:ne atx ue
1733872338745:txqhu
1733872353304:itilqfi:0
1733872472457:list-books
1733872479280:exit
1733872595209:list-users
1733872669663:issue-book 1 1 "2024-11-28" "2024-12-05"
1733872680545:return-book 1 "2024-12-10"
1733873418758:issue-book 1 1 "2024-11-28" "2024-12-05"
1733873455833:shell:> return-book 1 "2024-12-10"
1733874020245:list-users
1733874027954:list-books
1733874059710:issue-book 1 1 "2024-11-28" "2024-12-05"
1733874076600:return-book 1 "2024-12-10"
1733874234167:issue-book 1 1 "2024-11-28" "2024-12-05"
1733874245305:return-book 1 "2024-12-10"
1733874585193:issue-book 1 1 "2024-11-28" "2024-12-05"
1733874596280:return-book 1 "2024-12-10"
1733874687042:list-books
1733874857502:list-transactions
1733876572835:issue-book 1 1 "2024-11-28" "2024-12-05"
1733876584366:list-books
1733876633416:return-book 1 "2024-12-10"
1733876989412:list-transactions
1733885123347:issue-book 5 1 "2024-12-01" "2024-12-05"
1733885179548:return-book 13 "2024-12-10"
1733887727015:issue-book 5 1 "2024-12-01" "2024-12-05"
1733887763830:return-book 13 "2024-12-10"
1733887775079:return-book 14 "2024-12-10"
1733887790345:notify-overdue-users
1733888074203:list-transaction
1733888084906:list-transactions
1733889262945:notify-overdue-users
1733889626068:list-transactions
1733890683019:return-book 5 "2024-12-10"
1733890738033:list-transaction
1733890745141:list-transactions
1733891159482:notify-overdue-users
1733893620406:list-transaction
1733893631438:list-transactions
1733895498782:issue-book 3 3 "2024-12-05" "2024-12-08"
1733895536602:return-book 15 "2024-12-10"
1733895564368:list-transactions
1733895607612:Notify-overdue-users
1733895615577:notify-overdue-users
